<?xml version="1.0" encoding="UTF-8"?>
<testsuite name="com.HospitalBE.Hospital.repositoryTests.AdmissionHistoryRepositoryTest" tests="3" skipped="0" failures="0" errors="0" timestamp="2025-06-06T15:39:05" hostname="DESKTOP-NVJ0S2E" time="0.249">
  <properties/>
  <testcase name="testSave()" classname="com.HospitalBE.Hospital.repositoryTests.AdmissionHistoryRepositoryTest" time="0.21"/>
  <testcase name="testFindById()" classname="com.HospitalBE.Hospital.repositoryTests.AdmissionHistoryRepositoryTest" time="0.022"/>
  <testcase name="testDelete()" classname="com.HospitalBE.Hospital.repositoryTests.AdmissionHistoryRepositoryTest" time="0.015"/>
  <system-out><![CDATA[2025-06-06T17:39:04.013+02:00  INFO 3888 --- [Hospital] [    Test worker] t.c.s.AnnotationConfigContextLoaderUtils : Could not detect default configuration classes for test class [com.HospitalBE.Hospital.repositoryTests.AdmissionHistoryRepositoryTest]: AdmissionHistoryRepositoryTest does not declare any static, non-private, non-final, nested classes annotated with @Configuration.
2025-06-06T17:39:04.039+02:00  INFO 3888 --- [Hospital] [    Test worker] .b.t.c.SpringBootTestContextBootstrapper : Found @SpringBootConfiguration com.HospitalBE.Hospital.HospitalApplication for test class com.HospitalBE.Hospital.repositoryTests.AdmissionHistoryRepositoryTest
  .   ____          _            __ _ _
 /\\ / ___'_ __ _ _(_)_ __  __ _ \ \ \ \
( ( )\___ | '_ | '_| | '_ \/ _` | \ \ \ \
 \\/  ___)| |_)| | | | | || (_| |  ) ) ) )
  '  |____| .__|_| |_|_| |_\__, | / / / /
 =========|_|==============|___/=/_/_/_/

 :: Spring Boot ::                (v3.3.0)

2025-06-06T17:39:04.077+02:00  INFO 3888 --- [Hospital] [    Test worker] c.H.H.r.AdmissionHistoryRepositoryTest   : Starting AdmissionHistoryRepositoryTest using Java 21.0.2 with PID 3888 (started by User in C:\Users\User\Desktop\JAP APP Project\Hospital)
2025-06-06T17:39:04.078+02:00  INFO 3888 --- [Hospital] [    Test worker] c.H.H.r.AdmissionHistoryRepositoryTest   : No active profile set, falling back to 1 default profile: "default"
2025-06-06T17:39:04.201+02:00  INFO 3888 --- [Hospital] [    Test worker] .s.d.r.c.RepositoryConfigurationDelegate : Bootstrapping Spring Data JPA repositories in DEFAULT mode.
2025-06-06T17:39:04.225+02:00  INFO 3888 --- [Hospital] [    Test worker] .s.d.r.c.RepositoryConfigurationDelegate : Finished Spring Data repository scanning in 22 ms. Found 3 JPA repository interfaces.
2025-06-06T17:39:04.250+02:00  INFO 3888 --- [Hospital] [    Test worker] beddedDataSourceBeanFactoryPostProcessor : Replacing 'dataSource' DataSource bean with embedded version
2025-06-06T17:39:04.305+02:00  INFO 3888 --- [Hospital] [    Test worker] o.s.j.d.e.EmbeddedDatabaseFactory        : Starting embedded database: url='jdbc:h2:mem:d94a765c-5b4c-4a39-a5b4-13404944d1a7;DB_CLOSE_DELAY=-1;DB_CLOSE_ON_EXIT=false', username='sa'
2025-06-06T17:39:04.640+02:00  INFO 3888 --- [Hospital] [    Test worker] o.hibernate.jpa.internal.util.LogHelper  : HHH000204: Processing PersistenceUnitInfo [name: default]
2025-06-06T17:39:04.647+02:00  INFO 3888 --- [Hospital] [    Test worker] o.h.c.internal.RegionFactoryInitiator    : HHH000026: Second-level cache disabled
2025-06-06T17:39:04.672+02:00  INFO 3888 --- [Hospital] [    Test worker] o.s.o.j.p.SpringPersistenceUnitInfo      : No LoadTimeWeaver setup: ignoring JPA class transformer
2025-06-06T17:39:04.916+02:00  INFO 3888 --- [Hospital] [    Test worker] o.h.e.t.j.p.i.JtaPlatformInitiator       : HHH000489: No JTA platform available (set 'hibernate.transaction.jta.platform' to enable JTA platform integration)
Hibernate: create table admission_history (id bigint generated by default as identity, admission_date varchar(255), department_id bigint, discharge_cause varchar(255), discharge_date varchar(255), patient_id bigint, primary key (id))
Hibernate: create table department (id bigint generated by default as identity, code varchar(255), department_name varchar(255), primary key (id))
Hibernate: create table patient (id bigint generated by default as identity, clinical_data varchar(255), date_of_birth timestamp(6), department_name varchar(255), patient_lastname varchar(255), patient_name varchar(255), primary key (id))
2025-06-06T17:39:04.971+02:00  INFO 3888 --- [Hospital] [    Test worker] j.LocalContainerEntityManagerFactoryBean : Initialized JPA EntityManagerFactory for persistence unit 'default'
2025-06-06T17:39:05.071+02:00  INFO 3888 --- [Hospital] [    Test worker] c.H.H.r.AdmissionHistoryRepositoryTest   : Started AdmissionHistoryRepositoryTest in 1.026 seconds (process running for 10.752)
Hibernate: insert into admission_history (admission_date,department_id,discharge_cause,discharge_date,patient_id,id) values (?,?,?,?,?,default)
Hibernate: insert into admission_history (admission_date,department_id,discharge_cause,discharge_date,patient_id,id) values (?,?,?,?,?,default)
Hibernate: delete from admission_history where id=?
Hibernate: insert into admission_history (admission_date,department_id,discharge_cause,discharge_date,patient_id,id) values (?,?,?,?,?,default)
Hibernate: delete from admission_history where id=?
Hibernate: insert into admission_history (admission_date,department_id,discharge_cause,discharge_date,patient_id,id) values (?,?,?,?,?,default)
Hibernate: delete from admission_history where id=?
]]></system-out>
  <system-err><![CDATA[]]></system-err>
</testsuite>
