<?xml version="1.0" encoding="UTF-8"?>
<testsuite name="com.HospitalBE.Hospital.HospitalApplicationTests" tests="1" skipped="0" failures="0" errors="0" timestamp="2025-06-06T15:39:00" hostname="DESKTOP-NVJ0S2E" time="0.569">
  <properties/>
  <testcase name="contextLoads()" classname="com.HospitalBE.Hospital.HospitalApplicationTests" time="0.569"/>
  <system-out><![CDATA[17:38:55.435 [Test worker] INFO org.springframework.test.context.support.AnnotationConfigContextLoaderUtils -- Could not detect default configuration classes for test class [com.HospitalBE.Hospital.HospitalApplicationTests]: HospitalApplicationTests does not declare any static, non-private, non-final, nested classes annotated with @Configuration.
17:38:55.564 [Test worker] INFO org.springframework.boot.test.context.SpringBootTestContextBootstrapper -- Found @SpringBootConfiguration com.HospitalBE.Hospital.HospitalApplication for test class com.HospitalBE.Hospital.HospitalApplicationTests
  .   ____          _            __ _ _
 /\\ / ___'_ __ _ _(_)_ __  __ _ \ \ \ \
( ( )\___ | '_ | '_| | '_ \/ _` | \ \ \ \
 \\/  ___)| |_)| | | | | || (_| |  ) ) ) )
  '  |____| .__|_| |_|_| |_\__, | / / / /
 =========|_|==============|___/=/_/_/_/

 :: Spring Boot ::                (v3.3.0)

2025-06-06T17:38:56.024+02:00  INFO 3888 --- [Hospital] [    Test worker] c.H.Hospital.HospitalApplicationTests    : Starting HospitalApplicationTests using Java 21.0.2 with PID 3888 (started by User in C:\Users\User\Desktop\JAP APP Project\Hospital)
2025-06-06T17:38:56.027+02:00  INFO 3888 --- [Hospital] [    Test worker] c.H.Hospital.HospitalApplicationTests    : No active profile set, falling back to 1 default profile: "default"
2025-06-06T17:38:56.746+02:00  INFO 3888 --- [Hospital] [    Test worker] .s.d.r.c.RepositoryConfigurationDelegate : Bootstrapping Spring Data JPA repositories in DEFAULT mode.
2025-06-06T17:38:56.825+02:00  INFO 3888 --- [Hospital] [    Test worker] .s.d.r.c.RepositoryConfigurationDelegate : Finished Spring Data repository scanning in 66 ms. Found 3 JPA repository interfaces.
2025-06-06T17:38:57.376+02:00  INFO 3888 --- [Hospital] [    Test worker] o.hibernate.jpa.internal.util.LogHelper  : HHH000204: Processing PersistenceUnitInfo [name: default]
2025-06-06T17:38:57.439+02:00  INFO 3888 --- [Hospital] [    Test worker] org.hibernate.Version                    : HHH000412: Hibernate ORM core version 6.5.2.Final
2025-06-06T17:38:57.478+02:00  INFO 3888 --- [Hospital] [    Test worker] o.h.c.internal.RegionFactoryInitiator    : HHH000026: Second-level cache disabled
2025-06-06T17:38:57.852+02:00  INFO 3888 --- [Hospital] [    Test worker] o.s.o.j.p.SpringPersistenceUnitInfo      : No LoadTimeWeaver setup: ignoring JPA class transformer
2025-06-06T17:38:57.892+02:00  INFO 3888 --- [Hospital] [    Test worker] com.zaxxer.hikari.HikariDataSource       : HikariPool-1 - Starting...
2025-06-06T17:38:58.270+02:00  INFO 3888 --- [Hospital] [    Test worker] com.zaxxer.hikari.pool.HikariPool        : HikariPool-1 - Added connection com.mysql.cj.jdbc.ConnectionImpl@24018c8b
2025-06-06T17:38:58.274+02:00  INFO 3888 --- [Hospital] [    Test worker] com.zaxxer.hikari.HikariDataSource       : HikariPool-1 - Start completed.
2025-06-06T17:38:59.290+02:00  INFO 3888 --- [Hospital] [    Test worker] o.h.e.t.j.p.i.JtaPlatformInitiator       : HHH000489: No JTA platform available (set 'hibernate.transaction.jta.platform' to enable JTA platform integration)
2025-06-06T17:38:59.348+02:00  INFO 3888 --- [Hospital] [    Test worker] j.LocalContainerEntityManagerFactoryBean : Initialized JPA EntityManagerFactory for persistence unit 'default'
2025-06-06T17:38:59.910+02:00  WARN 3888 --- [Hospital] [    Test worker] JpaBaseConfiguration$JpaWebConfiguration : spring.jpa.open-in-view is enabled by default. Therefore, database queries may be performed during view rendering. Explicitly configure spring.jpa.open-in-view to disable this warning
2025-06-06T17:39:00.498+02:00  INFO 3888 --- [Hospital] [    Test worker] c.H.Hospital.HospitalApplicationTests    : Started HospitalApplicationTests in 4.743 seconds (process running for 6.179)
]]></system-out>
  <system-err><![CDATA[WARNING: A Java agent has been loaded dynamically (C:\Users\User\.gradle\caches\modules-2\files-2.1\net.bytebuddy\byte-buddy-agent\1.14.16\4a451ee6484abac3a498df0f3b33ed00a6fced4d\byte-buddy-agent-1.14.16.jar)
WARNING: If a serviceability tool is in use, please run with -XX:+EnableDynamicAgentLoading to hide this warning
WARNING: If a serviceability tool is not in use, please run with -Djdk.instrument.traceUsage for more information
WARNING: Dynamic loading of agents will be disallowed by default in a future release
]]></system-err>
</testsuite>
