<?xml version="1.0" encoding="UTF-8"?>
<testsuite name="com.HospitalBE.Hospital.ControllerTests.AdmissionHistoryControllerTest" tests="6" skipped="0" failures="0" errors="0" timestamp="2025-06-06T15:39:02" hostname="DESKTOP-NVJ0S2E" time="0.675">
  <properties/>
  <testcase name="testGetAllAdmissions()" classname="com.HospitalBE.Hospital.ControllerTests.AdmissionHistoryControllerTest" time="0.529"/>
  <testcase name="testGetAdmissionByIdNotFound()" classname="com.HospitalBE.Hospital.ControllerTests.AdmissionHistoryControllerTest" time="0.042"/>
  <testcase name="testCreateAdmission()" classname="com.HospitalBE.Hospital.ControllerTests.AdmissionHistoryControllerTest" time="0.062"/>
  <testcase name="testDeleteAdmissionNotFound()" classname="com.HospitalBE.Hospital.ControllerTests.AdmissionHistoryControllerTest" time="0.013"/>
  <testcase name="testDeleteAdmission()" classname="com.HospitalBE.Hospital.ControllerTests.AdmissionHistoryControllerTest" time="0.008"/>
  <testcase name="testUpdateAdmission()" classname="com.HospitalBE.Hospital.ControllerTests.AdmissionHistoryControllerTest" time="0.008"/>
  <system-out><![CDATA[2025-06-06T17:39:01.101+02:00  INFO 3888 --- [Hospital] [    Test worker] t.c.s.AnnotationConfigContextLoaderUtils : Could not detect default configuration classes for test class [com.HospitalBE.Hospital.ControllerTests.AdmissionHistoryControllerTest]: AdmissionHistoryControllerTest does not declare any static, non-private, non-final, nested classes annotated with @Configuration.
2025-06-06T17:39:01.144+02:00  INFO 3888 --- [Hospital] [    Test worker] .b.t.c.SpringBootTestContextBootstrapper : Found @SpringBootConfiguration com.HospitalBE.Hospital.HospitalApplication for test class com.HospitalBE.Hospital.ControllerTests.AdmissionHistoryControllerTest
  .   ____          _            __ _ _
 /\\ / ___'_ __ _ _(_)_ __  __ _ \ \ \ \
( ( )\___ | '_ | '_| | '_ \/ _` | \ \ \ \
 \\/  ___)| |_)| | | | | || (_| |  ) ) ) )
  '  |____| .__|_| |_|_| |_\__, | / / / /
 =========|_|==============|___/=/_/_/_/

 :: Spring Boot ::                (v3.3.0)

2025-06-06T17:39:01.175+02:00  INFO 3888 --- [Hospital] [    Test worker] c.H.H.C.AdmissionHistoryControllerTest   : Starting AdmissionHistoryControllerTest using Java 21.0.2 with PID 3888 (started by User in C:\Users\User\Desktop\JAP APP Project\Hospital)
2025-06-06T17:39:01.175+02:00  INFO 3888 --- [Hospital] [    Test worker] c.H.H.C.AdmissionHistoryControllerTest   : No active profile set, falling back to 1 default profile: "default"
2025-06-06T17:39:01.971+02:00  INFO 3888 --- [Hospital] [    Test worker] o.s.b.t.m.w.SpringBootMockServletContext : Initializing Spring TestDispatcherServlet ''
2025-06-06T17:39:01.973+02:00  INFO 3888 --- [Hospital] [    Test worker] o.s.t.web.servlet.TestDispatcherServlet  : Initializing Servlet ''
2025-06-06T17:39:01.982+02:00  INFO 3888 --- [Hospital] [    Test worker] o.s.t.web.servlet.TestDispatcherServlet  : Completed initialization in 2 ms
2025-06-06T17:39:02.006+02:00  INFO 3888 --- [Hospital] [    Test worker] c.H.H.C.AdmissionHistoryControllerTest   : Started AdmissionHistoryControllerTest in 0.858 seconds (process running for 7.688)
]]></system-out>
  <system-err><![CDATA[]]></system-err>
</testsuite>
